This is pdfTeX, Version 3.141592653-2.6-1.40.25 (MiKTeX 23.10.12) (preloaded format=pdflatex 2023.11.13)  4 JUN 2024 19:41
entering extended mode
 restricted \write18 enabled.
 file:line:error style messages enabled.
 %&-line parsing enabled.
**"c:/Users/henri/OneDrive/Documents/NTNU/Semester 10/Masteroppgave/Master_file/Master.tex"
(c:/Users/henri/OneDrive/Documents/NTNU/Semester 10/Masteroppgave/Master_file/Master.tex
LaTeX2e <2023-11-01>
L3 programming layer <2023-11-01>
(C:\Users\henri\AppData\Local\Programs\MiKTeX\tex/latex/base\book.cls
Document Class: book 2023/05/17 v1.4n Standard LaTeX document class
(C:\Users\henri\AppData\Local\Programs\MiKTeX\tex/latex/base\bk12.clo
File: bk12.clo 2023/05/17 v1.4n Standard LaTeX file (size option)
)
\c@part=\count186
\c@chapter=\count187
\c@section=\count188
\c@subsection=\count189
\c@subsubsection=\count190
\c@paragraph=\count191
\c@subparagraph=\count192
\c@figure=\count193
\c@table=\count194
\abovecaptionskip=\skip48
\belowcaptionskip=\skip49
\bibindent=\dimen140
) (C:\Users\henri\AppData\Local\Programs\MiKTeX\tex/latex/base\inputenc.sty
Package: inputenc 2021/02/14 v1.3d Input encoding file
\inpenc@prehook=\toks17
\inpenc@posthook=\toks18
) (C:\Users\henri\AppData\Local\Programs\MiKTeX\tex/latex/biblatex\biblatex.sty
Package: biblatex 2023/03/05 v3.19 programmable bibliographies (PK/MW)
 (C:\Users\henri\AppData\Local\Programs\MiKTeX\tex/generic/pdftexcmds\pdftexcmds.sty
Package: pdftexcmds 2020-06-27 v0.33 Utility functions of pdfTeX for LuaTeX (HO)
 (C:\Users\henri\AppData\Local\Programs\MiKTeX\tex/generic/infwarerr\infwarerr.sty
Package: infwarerr 2019/12/03 v1.5 Providing info/warning/error messages (HO)
) (C:\Users\henri\AppData\Local\Programs\MiKTeX\tex/generic/iftex\iftex.sty
Package: iftex 2022/02/03 v1.0f TeX engine tests
) (C:\Users\henri\AppData\Local\Programs\MiKTeX\tex/generic/ltxcmds\ltxcmds.sty
Package: ltxcmds 2020-05-10 v1.25 LaTeX kernel commands for general use (HO)
)
Package pdftexcmds Info: \pdf@primitive is available.
Package pdftexcmds Info: \pdf@ifprimitive is available.
Package pdftexcmds Info: \pdfdraftmode found.
) (C:\Users\henri\AppData\Local\Programs\MiKTeX\tex/latex/etoolbox\etoolbox.sty
Package: etoolbox 2020/10/05 v2.5k e-TeX tools for LaTeX (JAW)
\etb@tempcnta=\count195
) (C:\Users\henri\AppData\Local\Programs\MiKTeX\tex/latex/graphics\keyval.sty
Package: keyval 2022/05/29 v1.15 key=value parser (DPC)
\KV@toks@=\toks19
) (C:\Users\henri\AppData\Local\Programs\MiKTeX\tex/latex/kvoptions\kvoptions.sty
Package: kvoptions 2022-06-15 v3.15 Key value format for package options (HO)
 (C:\Users\henri\AppData\Local\Programs\MiKTeX\tex/latex/kvsetkeys\kvsetkeys.sty
Package: kvsetkeys 2022-10-05 v1.19 Key value parser (HO)
)) (C:\Users\henri\AppData\Local\Programs\MiKTeX\tex/latex/logreq\logreq.sty
Package: logreq 2010/08/04 v1.0 xml request logger
\lrq@indent=\count196
 (C:\Users\henri\AppData\Local\Programs\MiKTeX\tex/latex/logreq\logreq.def
File: logreq.def 2010/08/04 v1.0 logreq spec v1.0
)) (C:\Users\henri\AppData\Local\Programs\MiKTeX\tex/latex/base\ifthen.sty
Package: ifthen 2022/04/13 v1.1d Standard LaTeX ifthen package (DPC)
) (C:\Users\henri\AppData\Local\Programs\MiKTeX\tex/latex/url\url.sty
\Urlmuskip=\muskip16
Package: url 2013/09/16  ver 3.4  Verb mode for urls, etc.
)
\c@tabx@nest=\count197
\c@listtotal=\count198
\c@listcount=\count199
\c@liststart=\count266
\c@liststop=\count267
\c@citecount=\count268
\c@citetotal=\count269
\c@multicitecount=\count270
\c@multicitetotal=\count271
\c@instcount=\count272
\c@maxnames=\count273
\c@minnames=\count274
\c@maxitems=\count275
\c@minitems=\count276
\c@citecounter=\count277
\c@maxcitecounter=\count278
\c@savedcitecounter=\count279
\c@uniquelist=\count280
\c@uniquename=\count281
\c@refsection=\count282
\c@refsegment=\count283
\c@maxextratitle=\count284
\c@maxextratitleyear=\count285
\c@maxextraname=\count286
\c@maxextradate=\count287
\c@maxextraalpha=\count288
\c@abbrvpenalty=\count289
\c@highnamepenalty=\count290
\c@lownamepenalty=\count291
\c@maxparens=\count292
\c@parenlevel=\count293
\blx@tempcnta=\count294
\blx@tempcntb=\count295
\blx@tempcntc=\count296
\c@blx@maxsection=\count297
\blx@maxsegment@0=\count298
\blx@notetype=\count299
\blx@parenlevel@text=\count300
\blx@parenlevel@foot=\count301
\blx@sectionciteorder@0=\count302
\blx@sectionciteorderinternal@0=\count303
\blx@entrysetcounter=\count304
\blx@biblioinstance=\count305
\labelnumberwidth=\skip50
\labelalphawidth=\skip51
\biblabelsep=\skip52
\bibitemsep=\skip53
\bibnamesep=\skip54
\bibinitsep=\skip55
\bibparsep=\skip56
\bibhang=\skip57
\blx@bcfin=\read2
\blx@bcfout=\write3
\blx@langwohyphens=\language79
\c@mincomprange=\count306
\c@maxcomprange=\count307
\c@mincompwidth=\count308
Package biblatex Info: Trying to load biblatex default data model...
Package biblatex Info: ... file 'blx-dm.def' found.
 (C:\Users\henri\AppData\Local\Programs\MiKTeX\tex/latex/biblatex\blx-dm.def
File: blx-dm.def 2023/03/05 v3.19 biblatex localization (PK/MW)
)
Package biblatex Info: Trying to load biblatex style data model...
Package biblatex Info: ... file 'authoryear.dbx' not found.
Package biblatex Info: Trying to load biblatex custom data model...
Package biblatex Info: ... file 'biblatex-dm.cfg' not found.
\c@afterword=\count309
\c@savedafterword=\count310
\c@annotator=\count311
\c@savedannotator=\count312
\c@author=\count313
\c@savedauthor=\count314
\c@bookauthor=\count315
\c@savedbookauthor=\count316
\c@commentator=\count317
\c@savedcommentator=\count318
\c@editor=\count319
\c@savededitor=\count320
\c@editora=\count321
\c@savededitora=\count322
\c@editorb=\count323
\c@savededitorb=\count324
\c@editorc=\count325
\c@savededitorc=\count326
\c@foreword=\count327
\c@savedforeword=\count328
\c@holder=\count329
\c@savedholder=\count330
\c@introduction=\count331
\c@savedintroduction=\count332
\c@namea=\count333
\c@savednamea=\count334
\c@nameb=\count335
\c@savednameb=\count336
\c@namec=\count337
\c@savednamec=\count338
\c@translator=\count339
\c@savedtranslator=\count340
\c@shortauthor=\count341
\c@savedshortauthor=\count342
\c@shorteditor=\count343
\c@savedshorteditor=\count344
\c@labelname=\count345
\c@savedlabelname=\count346
\c@institution=\count347
\c@savedinstitution=\count348
\c@lista=\count349
\c@savedlista=\count350
\c@listb=\count351
\c@savedlistb=\count352
\c@listc=\count353
\c@savedlistc=\count354
\c@listd=\count355
\c@savedlistd=\count356
\c@liste=\count357
\c@savedliste=\count358
\c@listf=\count359
\c@savedlistf=\count360
\c@location=\count361
\c@savedlocation=\count362
\c@organization=\count363
\c@savedorganization=\count364
\c@origlocation=\count365
\c@savedoriglocation=\count366
\c@origpublisher=\count367
\c@savedorigpublisher=\count368
\c@publisher=\count369
\c@savedpublisher=\count370
\c@language=\count371
\c@savedlanguage=\count372
\c@origlanguage=\count373
\c@savedoriglanguage=\count374
\c@pageref=\count375
\c@savedpageref=\count376
\shorthandwidth=\skip58
\shortjournalwidth=\skip59
\shortserieswidth=\skip60
\shorttitlewidth=\skip61
\shortauthorwidth=\skip62
\shorteditorwidth=\skip63
\locallabelnumberwidth=\skip64
\locallabelalphawidth=\skip65
\localshorthandwidth=\skip66
\localshortjournalwidth=\skip67
\localshortserieswidth=\skip68
\localshorttitlewidth=\skip69
\localshortauthorwidth=\skip70
\localshorteditorwidth=\skip71
Package biblatex Info: Trying to load compatibility code...
Package biblatex Info: ... file 'blx-compat.def' found.
 (C:\Users\henri\AppData\Local\Programs\MiKTeX\tex/latex/biblatex\blx-compat.def
File: blx-compat.def 2023/03/05 v3.19 biblatex compatibility (PK/MW)
)
Package biblatex Info: Trying to load generic definitions...
Package biblatex Info: ... file 'biblatex.def' found.
 (C:\Users\henri\AppData\Local\Programs\MiKTeX\tex/latex/biblatex\biblatex.def
File: biblatex.def 2023/03/05 v3.19 biblatex compatibility (PK/MW)
\c@textcitecount=\count377
\c@textcitetotal=\count378
\c@textcitemaxnames=\count379
\c@biburlbigbreakpenalty=\count380
\c@biburlbreakpenalty=\count381
\c@biburlnumpenalty=\count382
\c@biburlucpenalty=\count383
\c@biburllcpenalty=\count384
\biburlbigskip=\muskip17
\biburlnumskip=\muskip18
\biburlucskip=\muskip19
\biburllcskip=\muskip20
\c@smartand=\count385
)
Package biblatex Info: Trying to load bibliography style 'authoryear'...
Package biblatex Info: ... file 'authoryear.bbx' found.
 (C:\Users\henri\AppData\Local\Programs\MiKTeX\tex/latex/biblatex/bbx\authoryear.bbx
File: authoryear.bbx 2023/03/05 v3.19 biblatex bibliography style (PK/MW)
Package biblatex Info: Trying to load bibliography style 'standard'...
Package biblatex Info: ... file 'standard.bbx' found.
 (C:\Users\henri\AppData\Local\Programs\MiKTeX\tex/latex/biblatex/bbx\standard.bbx
File: standard.bbx 2023/03/05 v3.19 biblatex bibliography style (PK/MW)
\c@bbx:relatedcount=\count386
\c@bbx:relatedtotal=\count387
))
Package biblatex Info: Trying to load citation style 'authoryear'...
Package biblatex Info: ... file 'authoryear.cbx' found.
 (C:\Users\henri\AppData\Local\Programs\MiKTeX\tex/latex/biblatex/cbx\authoryear.cbx
File: authoryear.cbx 2023/03/05 v3.19 biblatex citation style (PK/MW)
Package biblatex Info: Redefining '\cite'.
Package biblatex Info: Redefining '\parencite'.
Package biblatex Info: Redefining '\footcite'.
Package biblatex Info: Redefining '\footcitetext'.
Package biblatex Info: Redefining '\smartcite'.
Package biblatex Info: Redefining '\textcite'.
Package biblatex Info: Redefining '\textcites'.
)
Package biblatex Info: Trying to load configuration file...
Package biblatex Info: ... file 'biblatex.cfg' found.
 (C:\Users\henri\AppData\Local\Programs\MiKTeX\tex/latex/biblatex\biblatex.cfg
File: biblatex.cfg 
)
Package biblatex Info: Input encoding 'utf8' detected.
Package biblatex Info: Document encoding is UTF8 ....
 (C:\Users\henri\AppData\Local\Programs\MiKTeX\tex/latex/l3kernel\expl3.sty
Package: expl3 2023-11-01 L3 programming layer (loader) 
 (C:\Users\henri\AppData\Local\Programs\MiKTeX\tex/latex/l3backend\l3backend-pdftex.def
File: l3backend-pdftex.def 2023-10-23 L3 backend support: PDF output (pdfTeX)
\l__color_backend_stack_int=\count388
\l__pdf_internal_box=\box51
))
Package biblatex Info: ... and expl3
(biblatex)             2023-11-01 L3 programming layer (loader) 
(biblatex)             is new enough (at least 2020/04/06),
(biblatex)             setting 'casechanger=expl3'.
 (C:\Users\henri\AppData\Local\Programs\MiKTeX\tex/latex/biblatex\blx-case-expl3.sty (C:\Users\henri\AppData\Local\Programs\MiKTeX\tex/latex/l3packages/xparse\xparse.sty
Package: xparse 2023-10-10 L3 Experimental document command parser
)
Package: blx-case-expl3 2023/03/05 v3.19 expl3 case changing code for biblatex
)) (C:\Users\henri\AppData\Local\Programs\MiKTeX\tex/latex/hyperref\hyperref.sty
Package: hyperref 2023-10-27 v7.01d Hypertext links for LaTeX
 (C:\Users\henri\AppData\Local\Programs\MiKTeX\tex/generic/kvdefinekeys\kvdefinekeys.sty
Package: kvdefinekeys 2019-12-19 v1.6 Define keys (HO)
) (C:\Users\henri\AppData\Local\Programs\MiKTeX\tex/generic/pdfescape\pdfescape.sty
Package: pdfescape 2019/12/09 v1.15 Implements pdfTeX's escape features (HO)
) (C:\Users\henri\AppData\Local\Programs\MiKTeX\tex/latex/hycolor\hycolor.sty
Package: hycolor 2020-01-27 v1.10 Color options for hyperref/bookmark (HO)
) (C:\Users\henri\AppData\Local\Programs\MiKTeX\tex/latex/letltxmacro\letltxmacro.sty
Package: letltxmacro 2019/12/03 v1.6 Let assignment for LaTeX macros (HO)
) (C:\Users\henri\AppData\Local\Programs\MiKTeX\tex/latex/auxhook\auxhook.sty
Package: auxhook 2019-12-17 v1.6 Hooks for auxiliary files (HO)
) (C:\Users\henri\AppData\Local\Programs\MiKTeX\tex/latex/hyperref\nameref.sty
Package: nameref 2023-10-05 v2.54 Cross-referencing by name of section
 (C:\Users\henri\AppData\Local\Programs\MiKTeX\tex/latex/refcount\refcount.sty
Package: refcount 2019/12/15 v3.6 Data extraction from label references (HO)
) (C:\Users\henri\AppData\Local\Programs\MiKTeX\tex/generic/gettitlestring\gettitlestring.sty
Package: gettitlestring 2019/12/15 v1.6 Cleanup title references (HO)
)
\c@section@level=\count389
)
\@linkdim=\dimen141
\Hy@linkcounter=\count390
\Hy@pagecounter=\count391
 (C:\Users\henri\AppData\Local\Programs\MiKTeX\tex/latex/hyperref\pd1enc.def
File: pd1enc.def 2023-10-27 v7.01d Hyperref: PDFDocEncoding definition (HO)
Now handling font encoding PD1 ...
... no UTF-8 mapping file for font encoding PD1
) (C:\Users\henri\AppData\Local\Programs\MiKTeX\tex/generic/intcalc\intcalc.sty
Package: intcalc 2019/12/15 v1.3 Expandable calculations with integers (HO)
)
\Hy@SavedSpaceFactor=\count392
 (C:\Users\henri\AppData\Local\Programs\MiKTeX\tex/latex/hyperref\puenc.def
File: puenc.def 2023-10-27 v7.01d Hyperref: PDF Unicode definition (HO)
Now handling font encoding PU ...
... no UTF-8 mapping file for font encoding PU
)
Package hyperref Info: Hyper figures OFF on input line 4168.
Package hyperref Info: Link nesting OFF on input line 4173.
Package hyperref Info: Hyper index ON on input line 4176.
Package hyperref Info: Plain pages OFF on input line 4183.
Package hyperref Info: Backreferencing OFF on input line 4188.
Package hyperref Info: Implicit mode ON; LaTeX internals redefined.
Package hyperref Info: Bookmarks ON on input line 4435.
\c@Hy@tempcnt=\count393
LaTeX Info: Redefining \url on input line 4773.
\XeTeXLinkMargin=\dimen142
 (C:\Users\henri\AppData\Local\Programs\MiKTeX\tex/generic/bitset\bitset.sty
Package: bitset 2019/12/09 v1.3 Handle bit-vector datatype (HO)
 (C:\Users\henri\AppData\Local\Programs\MiKTeX\tex/generic/bigintcalc\bigintcalc.sty
Package: bigintcalc 2019/12/15 v1.5 Expandable calculations on big integers (HO)
))
\Fld@menulength=\count394
\Field@Width=\dimen143
\Fld@charsize=\dimen144
Package hyperref Info: Hyper figures OFF on input line 6052.
Package hyperref Info: Link nesting OFF on input line 6057.
Package hyperref Info: Hyper index ON on input line 6060.
Package hyperref Info: backreferencing OFF on input line 6067.
Package hyperref Info: Link coloring OFF on input line 6072.
Package hyperref Info: Link coloring with OCG OFF on input line 6077.
Package hyperref Info: PDF/A mode OFF on input line 6082.
 (C:\Users\henri\AppData\Local\Programs\MiKTeX\tex/latex/base\atbegshi-ltx.sty
Package: atbegshi-ltx 2021/01/10 v1.0c Emulation of the original atbegshi
package with kernel methods
)
\Hy@abspage=\count395
\c@Item=\count396
\c@Hfootnote=\count397
)
Package hyperref Info: Driver (autodetected): hpdftex.
 (C:\Users\henri\AppData\Local\Programs\MiKTeX\tex/latex/hyperref\hpdftex.def
File: hpdftex.def 2023-10-27 v7.01d Hyperref driver for pdfTeX
 (C:\Users\henri\AppData\Local\Programs\MiKTeX\tex/latex/base\atveryend-ltx.sty
Package: atveryend-ltx 2020/08/19 v1.0a Emulation of the original atveryend package
with kernel methods
)
\Fld@listcount=\count398
\c@bookmark@seq@number=\count399
 (C:\Users\henri\AppData\Local\Programs\MiKTeX\tex/latex/rerunfilecheck\rerunfilecheck.sty
Package: rerunfilecheck 2022-07-10 v1.10 Rerun checks for auxiliary files (HO)
 (C:\Users\henri\AppData\Local\Programs\MiKTeX\tex/generic/uniquecounter\uniquecounter.sty
Package: uniquecounter 2019/12/15 v1.4 Provide unlimited unique counter (HO)
)
Package uniquecounter Info: New unique counter `rerunfilecheck' on input line 285.
)
\Hy@SectionHShift=\skip72
) (C:\Users\henri\AppData\Local\Programs\MiKTeX\tex/latex/caption\subcaption.sty
Package: subcaption 2023/07/28 v1.6b Sub-captions (AR)
 (C:\Users\henri\AppData\Local\Programs\MiKTeX\tex/latex/caption\caption.sty
Package: caption 2023/08/05 v3.6o Customizing captions (AR)
 (C:\Users\henri\AppData\Local\Programs\MiKTeX\tex/latex/caption\caption3.sty
Package: caption3 2023/07/31 v2.4d caption3 kernel (AR)
\caption@tempdima=\dimen145
\captionmargin=\dimen146
\caption@leftmargin=\dimen147
\caption@rightmargin=\dimen148
\caption@width=\dimen149
\caption@indent=\dimen150
\caption@parindent=\dimen151
\caption@hangindent=\dimen152
Package caption Info: Standard document class detected.
)
\c@caption@flags=\count400
\c@continuedfloat=\count401
Package caption Info: hyperref package is loaded.
)
Package caption Info: New subtype `subfigure' on input line 238.
\c@subfigure=\count402
Package caption Info: New subtype `subtable' on input line 238.
\c@subtable=\count403
) (C:\Users\henri\AppData\Local\Programs\MiKTeX\tex/latex/geometry\geometry.sty
Package: geometry 2020/01/02 v5.9 Page Geometry
 (C:\Users\henri\AppData\Local\Programs\MiKTeX\tex/generic/iftex\ifvtex.sty
Package: ifvtex 2019/10/25 v1.7 ifvtex legacy package. Use iftex instead.
)
\Gm@cnth=\count404
\Gm@cntv=\count405
\c@Gm@tempcnt=\count406
\Gm@bindingoffset=\dimen153
\Gm@wd@mp=\dimen154
\Gm@odd@mp=\dimen155
\Gm@even@mp=\dimen156
\Gm@layoutwidth=\dimen157
\Gm@layoutheight=\dimen158
\Gm@layouthoffset=\dimen159
\Gm@layoutvoffset=\dimen160
\Gm@dimlist=\toks20
 (C:\Users\henri\AppData\Local\Programs\MiKTeX\tex/latex/geometry\geometry.cfg)) (C:\Users\henri\AppData\Local\Programs\MiKTeX\tex/latex/graphics\graphicx.sty
Package: graphicx 2021/09/16 v1.2d Enhanced LaTeX Graphics (DPC,SPQR)
 (C:\Users\henri\AppData\Local\Programs\MiKTeX\tex/latex/graphics\graphics.sty
Package: graphics 2022/03/10 v1.4e Standard LaTeX Graphics (DPC,SPQR)
 (C:\Users\henri\AppData\Local\Programs\MiKTeX\tex/latex/graphics\trig.sty
Package: trig 2021/08/11 v1.11 sin cos tan (DPC)
) (C:\Users\henri\AppData\Local\Programs\MiKTeX\tex/latex/graphics-cfg\graphics.cfg
File: graphics.cfg 2016/06/04 v1.11 sample graphics configuration
)
Package graphics Info: Driver file: pdftex.def on input line 107.
 (C:\Users\henri\AppData\Local\Programs\MiKTeX\tex/latex/graphics-def\pdftex.def
File: pdftex.def 2022/09/22 v1.2b Graphics/color driver for pdftex
))
\Gin@req@height=\dimen161
\Gin@req@width=\dimen162
) (C:\Users\henri\AppData\Local\Programs\MiKTeX\tex/latex/fncychap\fncychap.sty
Package: fncychap 2007/07/30 v1.34 LaTeX package (Revised chapters)
\RW=\skip73
\mylen=\skip74
\myhi=\skip75
\px=\skip76
\py=\skip77
\pyy=\skip78
\pxx=\skip79
\c@AlphaCnt=\count407
\c@AlphaDecCnt=\count408
) (C:\Users\henri\AppData\Local\Programs\MiKTeX\tex/latex/amsmath\amsmath.sty
Package: amsmath 2023/05/13 v2.17o AMS math features
\@mathmargin=\skip80

For additional information on amsmath, use the `?' option.
(C:\Users\henri\AppData\Local\Programs\MiKTeX\tex/latex/amsmath\amstext.sty
Package: amstext 2021/08/26 v2.01 AMS text
 (C:\Users\henri\AppData\Local\Programs\MiKTeX\tex/latex/amsmath\amsgen.sty
File: amsgen.sty 1999/11/30 v2.0 generic functions
\@emptytoks=\toks21
\ex@=\dimen163
)) (C:\Users\henri\AppData\Local\Programs\MiKTeX\tex/latex/amsmath\amsbsy.sty
Package: amsbsy 1999/11/29 v1.2d Bold Symbols
\pmbraise@=\dimen164
) (C:\Users\henri\AppData\Local\Programs\MiKTeX\tex/latex/amsmath\amsopn.sty
Package: amsopn 2022/04/08 v2.04 operator names
)
\inf@bad=\count409
LaTeX Info: Redefining \frac on input line 234.
\uproot@=\count410
\leftroot@=\count411
LaTeX Info: Redefining \overline on input line 399.
LaTeX Info: Redefining \colon on input line 410.
\classnum@=\count412
\DOTSCASE@=\count413
LaTeX Info: Redefining \ldots on input line 496.
LaTeX Info: Redefining \dots on input line 499.
LaTeX Info: Redefining \cdots on input line 620.
\Mathstrutbox@=\box52
\strutbox@=\box53
LaTeX Info: Redefining \big on input line 722.
LaTeX Info: Redefining \Big on input line 723.
LaTeX Info: Redefining \bigg on input line 724.
LaTeX Info: Redefining \Bigg on input line 725.
\big@size=\dimen165
LaTeX Font Info:    Redeclaring font encoding OML on input line 743.
LaTeX Font Info:    Redeclaring font encoding OMS on input line 744.
\macc@depth=\count414
LaTeX Info: Redefining \bmod on input line 905.
LaTeX Info: Redefining \pmod on input line 910.
LaTeX Info: Redefining \smash on input line 940.
LaTeX Info: Redefining \relbar on input line 970.
LaTeX Info: Redefining \Relbar on input line 971.
\c@MaxMatrixCols=\count415
\dotsspace@=\muskip21
\c@parentequation=\count416
\dspbrk@lvl=\count417
\tag@help=\toks22
\row@=\count418
\column@=\count419
\maxfields@=\count420
\andhelp@=\toks23
\eqnshift@=\dimen166
\alignsep@=\dimen167
\tagshift@=\dimen168
\tagwidth@=\dimen169
\totwidth@=\dimen170
\lineht@=\dimen171
\@envbody=\toks24
\multlinegap=\skip81
\multlinetaggap=\skip82
\mathdisplay@stack=\toks25
LaTeX Info: Redefining \[ on input line 2953.
LaTeX Info: Redefining \] on input line 2954.
) (C:\Users\henri\AppData\Local\Programs\MiKTeX\tex/latex/setspace\setspace.sty
Package: setspace 2022/12/04 v6.7b set line spacing
) (C:\Users\henri\AppData\Local\Programs\MiKTeX\tex/latex/was\upgreek.sty
Package: upgreek 2003/02/12 v2.0 (WaS)
Package upgreek Info: Using Euler Roman for upright Greek on input line 31.
\symugrf@m=\mathgroup4
LaTeX Font Info:    Overwriting symbol font `ugrf@m' in version `bold'
(Font)                  U/eur/m/n --> U/eur/b/n on input line 38.
) (C:\Users\henri\AppData\Local\Programs\MiKTeX\tex/latex/bbold\bbold.sty
Package: bbold 1994/04/06 Bbold symbol package
) (C:\Users\henri\AppData\Local\Programs\MiKTeX\tex/latex/relsize\relsize.sty
Package: relsize 2013/03/29 ver 4.1
) (C:\Users\henri\AppData\Local\Programs\MiKTeX\tex/latex/fancyhdr\fancyhdr.sty
Package: fancyhdr 2022/11/09 v4.1 Extensive control of page headers and footers
\f@nch@headwidth=\skip83
\f@nch@O@elh=\skip84
\f@nch@O@erh=\skip85
\f@nch@O@olh=\skip86
\f@nch@O@orh=\skip87
\f@nch@O@elf=\skip88
\f@nch@O@erf=\skip89
\f@nch@O@olf=\skip90
\f@nch@O@orf=\skip91
) (C:\Users\henri\AppData\Local\Programs\MiKTeX\tex/latex/mathtools\mathtools.sty
Package: mathtools 2022/06/29 v1.29 mathematical typesetting tools
 (C:\Users\henri\AppData\Local\Programs\MiKTeX\tex/latex/tools\calc.sty
Package: calc 2023/07/08 v4.3 Infix arithmetic (KKT,FJ)
\calc@Acount=\count421
\calc@Bcount=\count422
\calc@Adimen=\dimen172
\calc@Bdimen=\dimen173
\calc@Askip=\skip92
\calc@Bskip=\skip93
LaTeX Info: Redefining \setlength on input line 80.
LaTeX Info: Redefining \addtolength on input line 81.
\calc@Ccount=\count423
\calc@Cskip=\skip94
) (C:\Users\henri\AppData\Local\Programs\MiKTeX\tex/latex/mathtools\mhsetup.sty
Package: mhsetup 2021/03/18 v1.4 programming setup (MH)
)
\g_MT_multlinerow_int=\count424
\l_MT_multwidth_dim=\dimen174
\origjot=\skip95
\l_MT_shortvdotswithinadjustabove_dim=\dimen175
\l_MT_shortvdotswithinadjustbelow_dim=\dimen176
\l_MT_above_intertext_sep=\dimen177
\l_MT_below_intertext_sep=\dimen178
\l_MT_above_shortintertext_sep=\dimen179
\l_MT_below_shortintertext_sep=\dimen180
\xmathstrut@box=\box54
\xmathstrut@dim=\dimen181
) (C:\Users\henri\AppData\Local\Programs\MiKTeX\tex/latex/tools\tabularx.sty
Package: tabularx 2023/07/08 v2.11c `tabularx' package (DPC)
 (C:\Users\henri\AppData\Local\Programs\MiKTeX\tex/latex/tools\array.sty
Package: array 2023/10/16 v2.5g Tabular extension package (FMi)
\col@sep=\dimen182
\ar@mcellbox=\box55
\extrarowheight=\dimen183
\NC@list=\toks26
\extratabsurround=\skip96
\backup@length=\skip97
\ar@cellbox=\box56
)
\TX@col@width=\dimen184
\TX@old@table=\dimen185
\TX@old@col=\dimen186
\TX@target=\dimen187
\TX@delta=\dimen188
\TX@cols=\count425
\TX@ftn=\toks27
) (C:\Users\henri\AppData\Local\Programs\MiKTeX\tex/latex/lipsum\lipsum.sty (C:\Users\henri\AppData\Local\Programs\MiKTeX\tex/latex/l3packages/l3keys2e\l3keys2e.sty
Package: l3keys2e 2023-10-10 LaTeX2e option processing using LaTeX3 keys
)
Package: lipsum 2021-09-20 v2.7 150 paragraphs of Lorem Ipsum dummy text
\g__lipsum_par_int=\count426
\l__lipsum_a_int=\count427
\l__lipsum_b_int=\count428
 (C:\Users\henri\AppData\Local\Programs\MiKTeX\tex/latex/lipsum\lipsum.ltd.tex)) (C:\Users\henri\AppData\Local\Programs\MiKTeX\tex/latex/xcolor\xcolor.sty
Package: xcolor 2022/06/12 v2.14 LaTeX color extensions (UK)
 (C:\Users\henri\AppData\Local\Programs\MiKTeX\tex/latex/graphics-cfg\color.cfg
File: color.cfg 2016/01/02 v1.6 sample color configuration
)
Package xcolor Info: Driver file: pdftex.def on input line 227.
 (C:\Users\henri\AppData\Local\Programs\MiKTeX\tex/latex/graphics\mathcolor.ltx)
Package xcolor Info: Model `cmy' substituted by `cmy0' on input line 1353.
Package xcolor Info: Model `hsb' substituted by `rgb' on input line 1357.
Package xcolor Info: Model `RGB' extended on input line 1369.
Package xcolor Info: Model `HTML' substituted by `rgb' on input line 1371.
Package xcolor Info: Model `Hsb' substituted by `hsb' on input line 1372.
Package xcolor Info: Model `tHsb' substituted by `hsb' on input line 1373.
Package xcolor Info: Model `HSB' substituted by `hsb' on input line 1374.
Package xcolor Info: Model `Gray' substituted by `gray' on input line 1375.
Package xcolor Info: Model `wave' substituted by `hsb' on input line 1376.
 (C:\Users\henri\AppData\Local\Programs\MiKTeX\tex/latex/graphics\dvipsnam.def
File: dvipsnam.def 2016/06/17 v3.0m Driver-dependent file (DPC,SPQR)
)) (C:\Users\henri\AppData\Local\Programs\MiKTeX\tex/latex/pdfpages\pdfpages.sty
Package: pdfpages 2022/12/19 v0.5x Insert pages of external PDF documents (AM)
 (C:\Users\henri\AppData\Local\Programs\MiKTeX\tex/latex/eso-pic\eso-pic.sty
Package: eso-pic 2023/05/03 v3.0c eso-pic (RN)
\ESO@tempdima=\dimen189
\ESO@tempdimb=\dimen190
)
\AM@pagewidth=\dimen191
\AM@pageheight=\dimen192
\AM@fboxrule=\dimen193
 (C:\Users\henri\AppData\Local\Programs\MiKTeX\tex/latex/pdfpages\pppdftex.def
File: pppdftex.def 2022/12/19 v0.5x Pdfpages driver for pdfTeX (AM)
)
\pdfpages@includegraphics@status=\count429
\AM@pagebox=\box57
\AM@global@opts=\toks28
\AM@pagecnt=\count430
\AM@toc@title=\toks29
\AM@lof@heading=\toks30
\c@AM@survey=\count431
\AM@templatesizebox=\box58
) (C:\Users\henri\AppData\Local\Programs\MiKTeX\tex/latex/tools\multicol.sty
Package: multicol 2023/03/30 v1.9f multicolumn formatting (FMi)
\c@tracingmulticols=\count432
\mult@box=\box59
\multicol@leftmargin=\dimen194
\c@unbalance=\count433
\c@collectmore=\count434
\doublecol@number=\count435
\multicoltolerance=\count436
\multicolpretolerance=\count437
\full@width=\dimen195
\page@free=\dimen196
\premulticols=\dimen197
\postmulticols=\dimen198
\multicolsep=\skip98
\multicolbaselineskip=\skip99
\partial@page=\box60
\last@line=\box61
\mc@boxedresult=\box62
\maxbalancingoverflow=\dimen199
\mult@rightbox=\box63
\mult@grightbox=\box64
\mult@firstbox=\box65
\mult@gfirstbox=\box66
\@tempa=\box67
\@tempa=\box68
\@tempa=\box69
\@tempa=\box70
\@tempa=\box71
\@tempa=\box72
\@tempa=\box73
\@tempa=\box74
\@tempa=\box75
\@tempa=\box76
\@tempa=\box77
\@tempa=\box78
\@tempa=\box79
\@tempa=\box80
\@tempa=\box81
\@tempa=\box82
\@tempa=\box83
\@tempa=\box84
\@tempa=\box85
\@tempa=\box86
\@tempa=\box87
\@tempa=\box88
\@tempa=\box89
\@tempa=\box90
\@tempa=\box91
\@tempa=\box92
\@tempa=\box93
\@tempa=\box94
\@tempa=\box95
\@tempa=\box96
\@tempa=\box97
\@tempa=\box98
\@tempa=\box99
\@tempa=\box100
\@tempa=\box101
\@tempa=\box102
\c@minrows=\count438
\c@columnbadness=\count439
\c@finalcolumnbadness=\count440
\last@try=\dimen256
\multicolovershoot=\dimen257
\multicolundershoot=\dimen258
\mult@nat@firstbox=\box103
\colbreak@box=\box104
\mc@col@check@num=\count441
) (C:\Users\henri\AppData\Local\Programs\MiKTeX\tex/latex/booktabs\booktabs.sty
Package: booktabs 2020/01/12 v1.61803398 Publication quality tables
\heavyrulewidth=\dimen259
\lightrulewidth=\dimen260
\cmidrulewidth=\dimen261
\belowrulesep=\dimen262
\belowbottomsep=\dimen263
\aboverulesep=\dimen264
\abovetopsep=\dimen265
\cmidrulesep=\dimen266
\cmidrulekern=\dimen267
\defaultaddspace=\dimen268
\@cmidla=\count442
\@cmidlb=\count443
\@aboverulesep=\dimen269
\@belowrulesep=\dimen270
\@thisruleclass=\count444
\@lastruleclass=\count445
\@thisrulewidth=\dimen271
) (C:\Users\henri\AppData\Local\Programs\MiKTeX\tex/latex/float\float.sty
Package: float 2001/11/08 v1.3d Float enhancements (AL)
\c@float@type=\count446
\float@exts=\toks31
\float@box=\box105
\@float@everytoks=\toks32
\@floatcapt=\box106
) (C:\Users\henri\AppData\Local\Programs\MiKTeX\tex/latex/titlesec\titlesec.sty
Package: titlesec 2023/10/27 v2.16 Sectioning titles
\ttl@box=\box107
\beforetitleunit=\skip100
\aftertitleunit=\skip101
\ttl@plus=\dimen272
\ttl@minus=\dimen273
\ttl@toksa=\toks33
\titlewidth=\dimen274
\titlewidthlast=\dimen275
\titlewidthfirst=\dimen276
) (C:\Users\henri\AppData\Local\Programs\MiKTeX\tex/latex/listings\listings.sty
\lst@mode=\count447
\lst@gtempboxa=\box108
\lst@token=\toks34
\lst@length=\count448
\lst@currlwidth=\dimen277
\lst@column=\count449
\lst@pos=\count450
\lst@lostspace=\dimen278
\lst@width=\dimen279
\lst@newlines=\count451
\lst@lineno=\count452
\lst@maxwidth=\dimen280
 (C:\Users\henri\AppData\Local\Programs\MiKTeX\tex/latex/listings\lstmisc.sty
File: lstmisc.sty 2023/02/27 1.9 (Carsten Heinz)
\c@lstnumber=\count453
\lst@skipnumbers=\count454
\lst@framebox=\box109
) (C:\Users\henri\AppData\Local\Programs\MiKTeX\tex/latex/listings\listings.cfg
File: listings.cfg 2023/02/27 1.9 listings configuration
))
Package: listings 2023/02/27 1.9 (Carsten Heinz)
\@quotelevel=\count455
\@quotereset=\count456
 (Master.aux)
\openout1 = `Master.aux'.

LaTeX Font Info:    Checking defaults for OML/cmm/m/it on input line 52.
LaTeX Font Info:    ... okay on input line 52.
LaTeX Font Info:    Checking defaults for OMS/cmsy/m/n on input line 52.
LaTeX Font Info:    ... okay on input line 52.
LaTeX Font Info:    Checking defaults for OT1/cmr/m/n on input line 52.
LaTeX Font Info:    ... okay on input line 52.
LaTeX Font Info:    Checking defaults for T1/cmr/m/n on input line 52.
LaTeX Font Info:    ... okay on input line 52.
LaTeX Font Info:    Checking defaults for TS1/cmr/m/n on input line 52.
LaTeX Font Info:    ... okay on input line 52.
LaTeX Font Info:    Checking defaults for OMX/cmex/m/n on input line 52.
LaTeX Font Info:    ... okay on input line 52.
LaTeX Font Info:    Checking defaults for U/cmr/m/n on input line 52.
LaTeX Font Info:    ... okay on input line 52.
LaTeX Font Info:    Checking defaults for PD1/pdf/m/n on input line 52.
LaTeX Font Info:    ... okay on input line 52.
LaTeX Font Info:    Checking defaults for PU/pdf/m/n on input line 52.
LaTeX Font Info:    ... okay on input line 52.
Package biblatex Info: Trying to load language 'english'...
Package biblatex Info: ... file 'english.lbx' found.
 (C:\Users\henri\AppData\Local\Programs\MiKTeX\tex/latex/biblatex/lbx\english.lbx
File: english.lbx 2023/03/05 v3.19 biblatex localization (PK/MW)
)
Package biblatex Info: Input encoding 'utf8' detected.
Package biblatex Info: Automatic encoding selection.
(biblatex)             Assuming data encoding 'utf8'.
\openout3 = `Master.bcf'.

Package biblatex Info: Trying to load bibliographic data...
Package biblatex Info: ... file 'Master.bbl' found.
 (Master.bbl)
Package biblatex Info: Reference section=0 on input line 52.
Package biblatex Info: Reference segment=0 on input line 52.
Package hyperref Info: Link coloring OFF on input line 52.
 (Master.out) (Master.out)
\@outlinefile=\write4
\openout4 = `Master.out'.

Package caption Info: Begin \AtBeginDocument code.
Package caption Info: float package is loaded.
Package caption Info: listings package is loaded.
Package caption Info: End \AtBeginDocument code.

*geometry* driver: auto-detecting
*geometry* detected driver: pdftex
*geometry* verbose mode - [ preamble ] result:
* driver: pdftex
* paper: a4paper
* layout: <same size as paper>
* layoutoffset:(h,v)=(0.0pt,0.0pt)
* modes: twoside 
* h-part:(L,W,R)=(108.405pt, 416.83289pt, 72.26999pt)
* v-part:(T,H,B)=(72.26999pt, 700.50687pt, 72.26999pt)
* \paperwidth=597.50787pt
* \paperheight=845.04684pt
* \textwidth=416.83289pt
* \textheight=700.50687pt
* \oddsidemargin=36.13501pt
* \evensidemargin=0.0pt
* \topmargin=-34.47379pt
* \headheight=14.59999pt
* \headsep=19.8738pt
* \topskip=12.0pt
* \footskip=30.0pt
* \marginparwidth=88.0pt
* \marginparsep=7.0pt
* \columnsep=10.0pt
* \skip\footins=10.8pt plus 4.0pt minus 2.0pt
* \hoffset=0.0pt
* \voffset=0.0pt
* \mag=1000
* \@twocolumnfalse
* \@twosidetrue
* \@mparswitchtrue
* \@reversemarginfalse
* (1in=72.27pt=25.4mm, 1cm=28.453pt)

(C:\Users\henri\AppData\Local\Programs\MiKTeX\tex/context/base/mkii\supp-pdf.mkii
[Loading MPS to PDF converter (version 2006.09.02).]
\scratchcounter=\count457
\scratchdimen=\dimen281
\scratchbox=\box110
\nofMPsegments=\count458
\nofMParguments=\count459
\everyMPshowfont=\toks35
\MPscratchCnt=\count460
\MPscratchDim=\dimen282
\MPnumerator=\count461
\makeMPintoPDFobject=\count462
\everyMPtoPDFconversion=\toks36
) (C:\Users\henri\AppData\Local\Programs\MiKTeX\tex/latex/epstopdf-pkg\epstopdf-base.sty
Package: epstopdf-base 2020-01-24 v2.11 Base part for package epstopdf
Package epstopdf-base Info: Redefining graphics rule for `.eps' on input line 485.
 (C:\Users\henri\AppData\Local\Programs\MiKTeX\tex/latex/00miktex\epstopdf-sys.cfg
File: epstopdf-sys.cfg 2021/03/18 v2.0 Configuration of epstopdf for MiKTeX
)) (C:\Users\henri\AppData\Local\Programs\MiKTeX\tex/latex/pdflscape\pdflscape.sty
Package: pdflscape 2022-10-27 v0.13 Display of landscape pages in PDF
 (C:\Users\henri\AppData\Local\Programs\MiKTeX\tex/latex/pdflscape\pdflscape-nometadata.sty
Package: pdflscape-nometadata 2022-10-28 v0.13 Display of landscape pages in PDF (HO)
 (C:\Users\henri\AppData\Local\Programs\MiKTeX\tex/latex/graphics\lscape.sty
Package: lscape 2020/05/28 v3.02 Landscape Pages (DPC)
)
Package pdflscape Info: Auto-detected driver: pdftex on input line 81.
))
\c@lstlisting=\count463
<Plots/Logo-Ntnu.svg.png, id=251, 1204.5pt x 1204.5pt>
File: Plots/Logo-Ntnu.svg.png Graphic file (type png)
<use Plots/Logo-Ntnu.svg.png>
Package pdftex.def Info: Plots/Logo-Ntnu.svg.png  used on input line 75.
(pdftex.def)             Requested size: 83.3653pt x 83.34952pt.
 [1


{C:/Users/henri/AppData/Local/MiKTeX/fonts/map/pdftex/pdftex.map} <./Plots/Logo-Ntnu.svg.png>] [1] [2] (Preface.tex) [3] [4] (Master.toc
Underfull \vbox (badness 1742) has occurred while \output is active []

 [5

] [6])
\tf@toc=\write5
\openout5 = `Master.toc'.

 [7] (Master.lof
Underfull \vbox (badness 10000) has occurred while \output is active []

 [8

]
Overfull \hbox (0.93231pt too wide) in paragraph at lines 15--15
 [][] [][]\OT1/cmr/m/n/12 Typical syn-chrotron spec-trum of a Giga hertz peaked galaxy (GHP). 
 []


Overfull \hbox (0.35312pt too wide) in paragraph at lines 16--16
 [][] [][]\OT1/cmr/m/n/12 Schematic view of the ra-dia-tive trans-fer in a spher-i-cal ball of plasma. 
 []


Underfull \vbox (badness 1205) has occurred while \output is active []

 [9])
\tf@lof=\write6
\openout6 = `Master.lof'.

 [10] (Master.lot)
\tf@lot=\write7
\openout7 = `Master.lot'.


Underfull \vbox (badness 10000) has occurred while \output is active []

 [11

] [12]
Chapter 1.
(Introduction.tex)
pdfTeX warning (ext4): destination with the same identifier (name{page.1}) has been already used, duplicate ignored
<to be read again> 
                   \relax 
l.137 \newpage
               [1

]
Chapter 2.
(comsology_dist.tex
Underfull \vbox (badness 10000) has occurred while \output is active []

 [2

]
Underfull \vbox (badness 7631) has occurred while \output is active []



Package fancyhdr Warning: \headheight is too small (14.0pt): 
(fancyhdr)                Make it at least 14.49998pt, for example:
(fancyhdr)                \setlength{\headheight}{14.49998pt}.
(fancyhdr)                You might also make \topmargin smaller to compensate:
(fancyhdr)                \addtolength{\topmargin}{-0.49998pt}.

[3]
Underfull \vbox (badness 10000) has occurred while \output is active []



Package fancyhdr Warning: \headheight is too small (14.0pt): 
(fancyhdr)                Make it at least 14.49998pt, for example:
(fancyhdr)                \setlength{\headheight}{14.49998pt}.
(fancyhdr)                You might also make \topmargin smaller to compensate:
(fancyhdr)                \addtolength{\topmargin}{-0.49998pt}.

[4])

Package fancyhdr Warning: \headheight is too small (14.0pt): 
(fancyhdr)                Make it at least 14.49998pt, for example:
(fancyhdr)                \setlength{\headheight}{14.49998pt}.
(fancyhdr)                You might also make \topmargin smaller to compensate:
(fancyhdr)                \addtolength{\topmargin}{-0.49998pt}.

[5]
Chapter 3.
(high_energy_part.tex [6

]
<C:/Users/henri/OneDrive/Documents/NTNU/Semester 10/Masteroppgave/master_file/hillas.pdf, id=612, 578.16pt x 520.34402pt>
File: C:/Users/henri/OneDrive/Documents/NTNU/Semester 10/Masteroppgave/master_file/hillas.pdf Graphic file (type pdf)
<use C:/Users/henri/OneDrive/Documents/NTNU/Semester 10/Masteroppgave/master_file/hillas.pdf>
Package pdftex.def Info: C:/Users/henri/OneDrive/Documents/NTNU/Semester 10/Masteroppgave/master_file/hillas.pdf  used on input line 37.
(pdftex.def)             Requested size: 208.41644pt x 187.56982pt.


Package fancyhdr Warning: \headheight is too small (14.0pt): 
(fancyhdr)                Make it at least 14.49998pt, for example:
(fancyhdr)                \setlength{\headheight}{14.49998pt}.
(fancyhdr)                You might also make \topmargin smaller to compensate:
(fancyhdr)                \addtolength{\topmargin}{-0.49998pt}.

[7 <C:/Users/henri/OneDrive/Documents/NTNU/Semester 10/Masteroppgave/master_file/hillas.pdf>]
<C:/Users/henri/OneDrive/Documents/NTNU/Semester 10/Masteroppgave/Plots/KI_instability.png, id=650, 572.63937pt x 388.95313pt>
File: C:/Users/henri/OneDrive/Documents/NTNU/Semester 10/Masteroppgave/Plots/KI_instability.png Graphic file (type png)
<use C:/Users/henri/OneDrive/Documents/NTNU/Semester 10/Masteroppgave/Plots/KI_instability.png>
Package pdftex.def Info: C:/Users/henri/OneDrive/Documents/NTNU/Semester 10/Masteroppgave/Plots/KI_instability.png  used on input line 55.
(pdftex.def)             Requested size: 333.46758pt x 226.501pt.


Package fancyhdr Warning: \headheight is too small (14.0pt): 
(fancyhdr)                Make it at least 14.49998pt, for example:
(fancyhdr)                \setlength{\headheight}{14.49998pt}.
(fancyhdr)                You might also make \topmargin smaller to compensate:
(fancyhdr)                \addtolength{\topmargin}{-0.49998pt}.

[8 <C:/Users/henri/OneDrive/Documents/NTNU/Semester 10/Masteroppgave/Plots/KI_instability.png>]
Underfull \vbox (badness 10000) has occurred while \output is active []



Package fancyhdr Warning: \headheight is too small (14.0pt): 
(fancyhdr)                Make it at least 14.49998pt, for example:
(fancyhdr)                \setlength{\headheight}{14.49998pt}.
(fancyhdr)                You might also make \topmargin smaller to compensate:
(fancyhdr)                \addtolength{\topmargin}{-0.49998pt}.

[9]
Underfull \vbox (badness 10000) has occurred while \output is active []



Package fancyhdr Warning: \headheight is too small (14.0pt): 
(fancyhdr)                Make it at least 14.49998pt, for example:
(fancyhdr)                \setlength{\headheight}{14.49998pt}.
(fancyhdr)                You might also make \topmargin smaller to compensate:
(fancyhdr)                \addtolength{\topmargin}{-0.49998pt}.

[10]
Underfull \vbox (badness 10000) has occurred while \output is active []



Package fancyhdr Warning: \headheight is too small (14.0pt): 
(fancyhdr)                Make it at least 14.49998pt, for example:
(fancyhdr)                \setlength{\headheight}{14.49998pt}.
(fancyhdr)                You might also make \topmargin smaller to compensate:
(fancyhdr)                \addtolength{\topmargin}{-0.49998pt}.

[11]
<C:/Users/henri/OneDrive/Documents/NTNU/Semester 10/Masteroppgave/Plots/UHECRs.png, id=689, 760.8425pt x 516.93124pt>
File: C:/Users/henri/OneDrive/Documents/NTNU/Semester 10/Masteroppgave/Plots/UHECRs.png Graphic file (type png)
<use C:/Users/henri/OneDrive/Documents/NTNU/Semester 10/Masteroppgave/Plots/UHECRs.png>
Package pdftex.def Info: C:/Users/henri/OneDrive/Documents/NTNU/Semester 10/Masteroppgave/Plots/UHECRs.png  used on input line 176.
(pdftex.def)             Requested size: 291.78174pt x 198.2422pt.


Package fancyhdr Warning: \headheight is too small (14.0pt): 
(fancyhdr)                Make it at least 14.49998pt, for example:
(fancyhdr)                \setlength{\headheight}{14.49998pt}.
(fancyhdr)                You might also make \topmargin smaller to compensate:
(fancyhdr)                \addtolength{\topmargin}{-0.49998pt}.

[12 <C:/Users/henri/OneDrive/Documents/NTNU/Semester 10/Masteroppgave/Plots/UHECRs.png>]

Package fancyhdr Warning: \headheight is too small (14.0pt): 
(fancyhdr)                Make it at least 14.49998pt, for example:
(fancyhdr)                \setlength{\headheight}{14.49998pt}.
(fancyhdr)                You might also make \topmargin smaller to compensate:
(fancyhdr)                \addtolength{\topmargin}{-0.49998pt}.

[13]
<C:/Users/henri/OneDrive/Documents/NTNU/Semester 10/Masteroppgave/Plots/Ice_cube_layot.png, id=711, 623.83063pt x 467.24562pt>
File: C:/Users/henri/OneDrive/Documents/NTNU/Semester 10/Masteroppgave/Plots/Ice_cube_layot.png Graphic file (type png)
<use C:/Users/henri/OneDrive/Documents/NTNU/Semester 10/Masteroppgave/Plots/Ice_cube_layot.png>
Package pdftex.def Info: C:/Users/henri/OneDrive/Documents/NTNU/Semester 10/Masteroppgave/Plots/Ice_cube_layot.png  used on input line 278.
(pdftex.def)             Requested size: 208.41644pt x 156.10225pt.


Package fancyhdr Warning: \headheight is too small (14.0pt): 
(fancyhdr)                Make it at least 14.49998pt, for example:
(fancyhdr)                \setlength{\headheight}{14.49998pt}.
(fancyhdr)                You might also make \topmargin smaller to compensate:
(fancyhdr)                \addtolength{\topmargin}{-0.49998pt}.

[14]
<C:/Users/henri/OneDrive/Documents/NTNU/Semester 10/Masteroppgave/Plots/Track_events_neut.png, id=721, 1072.005pt x 477.58424pt>
File: C:/Users/henri/OneDrive/Documents/NTNU/Semester 10/Masteroppgave/Plots/Track_events_neut.png Graphic file (type png)
<use C:/Users/henri/OneDrive/Documents/NTNU/Semester 10/Masteroppgave/Plots/Track_events_neut.png>
Package pdftex.def Info: C:/Users/henri/OneDrive/Documents/NTNU/Semester 10/Masteroppgave/Plots/Track_events_neut.png  used on input line 291.
(pdftex.def)             Requested size: 291.78174pt x 129.98427pt.


Package fancyhdr Warning: \headheight is too small (14.0pt): 
(fancyhdr)                Make it at least 14.49998pt, for example:
(fancyhdr)                \setlength{\headheight}{14.49998pt}.
(fancyhdr)                You might also make \topmargin smaller to compensate:
(fancyhdr)                \addtolength{\topmargin}{-0.49998pt}.

[15 <C:/Users/henri/OneDrive/Documents/NTNU/Semester 10/Masteroppgave/Plots/Ice_cube_layot.png> <C:/Users/henri/OneDrive/Documents/NTNU/Semester 10/Masteroppgave/Plots/Track_events_neut.png>]
<C:/Users/henri/OneDrive/Documents/NTNU/Semester 10/Masteroppgave/Plots/Ice_cube_flux_astro.png, id=731, 367.3725pt x 357.335pt>
File: C:/Users/henri/OneDrive/Documents/NTNU/Semester 10/Masteroppgave/Plots/Ice_cube_flux_astro.png Graphic file (type png)
<use C:/Users/henri/OneDrive/Documents/NTNU/Semester 10/Masteroppgave/Plots/Ice_cube_flux_astro.png>
Package pdftex.def Info: C:/Users/henri/OneDrive/Documents/NTNU/Semester 10/Masteroppgave/Plots/Ice_cube_flux_astro.png  used on input line 304.
(pdftex.def)             Requested size: 250.10226pt x 243.27356pt.


Package fancyhdr Warning: \headheight is too small (14.0pt): 
(fancyhdr)                Make it at least 14.49998pt, for example:
(fancyhdr)                \setlength{\headheight}{14.49998pt}.
(fancyhdr)                You might also make \topmargin smaller to compensate:
(fancyhdr)                \addtolength{\topmargin}{-0.49998pt}.

[16 <C:/Users/henri/OneDrive/Documents/NTNU/Semester 10/Masteroppgave/Plots/Ice_cube_flux_astro.png>])

Package fancyhdr Warning: \headheight is too small (14.0pt): 
(fancyhdr)                Make it at least 14.49998pt, for example:
(fancyhdr)                \setlength{\headheight}{14.49998pt}.
(fancyhdr)                You might also make \topmargin smaller to compensate:
(fancyhdr)                \addtolength{\topmargin}{-0.49998pt}.

[17]
Chapter 4.
(AGN.tex
Underfull \vbox (badness 10000) has occurred while \output is active []

 [18

]
<C:/Users/henri/OneDrive/Documents/NTNU/Semester 10/Masteroppgave/Plots/unified model agn.jpg, id=758, 602.25pt x 466.74374pt>
File: C:/Users/henri/OneDrive/Documents/NTNU/Semester 10/Masteroppgave/Plots/unified model agn.jpg Graphic file (type jpg)
<use C:/Users/henri/OneDrive/Documents/NTNU/Semester 10/Masteroppgave/Plots/unified model agn.jpg>
Package pdftex.def Info: C:/Users/henri/OneDrive/Documents/NTNU/Semester 10/Masteroppgave/Plots/unified model agn.jpg  used on input line 75.
(pdftex.def)             Requested size: 291.78174pt x 226.13542pt.


Package fancyhdr Warning: \headheight is too small (14.0pt): 
(fancyhdr)                Make it at least 14.49998pt, for example:
(fancyhdr)                \setlength{\headheight}{14.49998pt}.
(fancyhdr)                You might also make \topmargin smaller to compensate:
(fancyhdr)                \addtolength{\topmargin}{-0.49998pt}.

[19{C:/Users/henri/AppData/Local/Programs/MiKTeX/fonts/enc/dvips/cm-super/cm-super-ts1.enc}]
Underfull \vbox (badness 10000) has occurred while \output is active []



Package fancyhdr Warning: \headheight is too small (14.0pt): 
(fancyhdr)                Make it at least 14.49998pt, for example:
(fancyhdr)                \setlength{\headheight}{14.49998pt}.
(fancyhdr)                You might also make \topmargin smaller to compensate:
(fancyhdr)                \addtolength{\topmargin}{-0.49998pt}.

[20 <C:/Users/henri/OneDrive/Documents/NTNU/Semester 10/Masteroppgave/Plots/unified model agn.jpg>]

Package fancyhdr Warning: \headheight is too small (14.0pt): 
(fancyhdr)                Make it at least 14.49998pt, for example:
(fancyhdr)                \setlength{\headheight}{14.49998pt}.
(fancyhdr)                You might also make \topmargin smaller to compensate:
(fancyhdr)                \addtolength{\topmargin}{-0.49998pt}.

[21]

Package fancyhdr Warning: \headheight is too small (14.0pt): 
(fancyhdr)                Make it at least 14.49998pt, for example:
(fancyhdr)                \setlength{\headheight}{14.49998pt}.
(fancyhdr)                You might also make \topmargin smaller to compensate:
(fancyhdr)                \addtolength{\topmargin}{-0.49998pt}.

[22])

Package fancyhdr Warning: \headheight is too small (14.0pt): 
(fancyhdr)                Make it at least 14.49998pt, for example:
(fancyhdr)                \setlength{\headheight}{14.49998pt}.
(fancyhdr)                You might also make \topmargin smaller to compensate:
(fancyhdr)                \addtolength{\topmargin}{-0.49998pt}.

[23]
Chapter 5.
(Acc_probes.tex
Overfull \hbox (5.05301pt too wide) in paragraph at lines 3--4
\OT1/cmr/m/n/12 This sec-tion out-lines some dif-fer-ent meth-ods and ob-serv-ables used to probe hadronic
 []


Underfull \vbox (badness 10000) has occurred while \output is active []

 [24

]
Underfull \vbox (badness 10000) has occurred while \output is active []



Package fancyhdr Warning: \headheight is too small (14.0pt): 
(fancyhdr)                Make it at least 14.49998pt, for example:
(fancyhdr)                \setlength{\headheight}{14.49998pt}.
(fancyhdr)                You might also make \topmargin smaller to compensate:
(fancyhdr)                \addtolength{\topmargin}{-0.49998pt}.

[25]
<C:/Users/henri/OneDrive/Documents/NTNU/Semester 10/Masteroppgave/Plots/SED.png, id=815, 867.24pt x 433.62pt>
File: C:/Users/henri/OneDrive/Documents/NTNU/Semester 10/Masteroppgave/Plots/SED.png Graphic file (type png)
<use C:/Users/henri/OneDrive/Documents/NTNU/Semester 10/Masteroppgave/Plots/SED.png>
Package pdftex.def Info: C:/Users/henri/OneDrive/Documents/NTNU/Semester 10/Masteroppgave/Plots/SED.png  used on input line 63.
(pdftex.def)             Requested size: 375.14705pt x 187.57115pt.

Underfull \vbox (badness 10000) has occurred while \output is active []



Package fancyhdr Warning: \headheight is too small (14.0pt): 
(fancyhdr)                Make it at least 14.49998pt, for example:
(fancyhdr)                \setlength{\headheight}{14.49998pt}.
(fancyhdr)                You might also make \topmargin smaller to compensate:
(fancyhdr)                \addtolength{\topmargin}{-0.49998pt}.

[26 <C:/Users/henri/OneDrive/Documents/NTNU/Semester 10/Masteroppgave/Plots/SED.png>]
Underfull \vbox (badness 10000) has occurred while \output is active []



Package fancyhdr Warning: \headheight is too small (14.0pt): 
(fancyhdr)                Make it at least 14.49998pt, for example:
(fancyhdr)                \setlength{\headheight}{14.49998pt}.
(fancyhdr)                You might also make \topmargin smaller to compensate:
(fancyhdr)                \addtolength{\topmargin}{-0.49998pt}.

[27]
Overfull \hbox (7.07443pt too wide) detected at line 134
[][][][]\OT1/cmr/m/n/12 (\OML/cmm/m/it/12 R\OT1/cmr/m/n/12 ) = []
 []

<C:/Users/henri/OneDrive/Documents/NTNU/Semester 10/Masteroppgave/Plots/Inverse_compton.pdf, id=835, 241.4601pt x 127.42105pt>
File: C:/Users/henri/OneDrive/Documents/NTNU/Semester 10/Masteroppgave/Plots/Inverse_compton.pdf Graphic file (type pdf)
<use C:/Users/henri/OneDrive/Documents/NTNU/Semester 10/Masteroppgave/Plots/Inverse_compton.pdf>
Package pdftex.def Info: C:/Users/henri/OneDrive/Documents/NTNU/Semester 10/Masteroppgave/Plots/Inverse_compton.pdf  used on input line 160.
(pdftex.def)             Requested size: 291.78174pt x 153.98938pt.

Underfull \vbox (badness 5637) has occurred while \output is active []



Package fancyhdr Warning: \headheight is too small (14.0pt): 
(fancyhdr)                Make it at least 14.49998pt, for example:
(fancyhdr)                \setlength{\headheight}{14.49998pt}.
(fancyhdr)                You might also make \topmargin smaller to compensate:
(fancyhdr)                \addtolength{\topmargin}{-0.49998pt}.

[28]
Underfull \vbox (badness 10000) has occurred while \output is active []



Package fancyhdr Warning: \headheight is too small (14.0pt): 
(fancyhdr)                Make it at least 14.49998pt, for example:
(fancyhdr)                \setlength{\headheight}{14.49998pt}.
(fancyhdr)                You might also make \topmargin smaller to compensate:
(fancyhdr)                \addtolength{\topmargin}{-0.49998pt}.

[29 <C:/Users/henri/OneDrive/Documents/NTNU/Semester 10/Masteroppgave/Plots/Inverse_compton.pdf>]
Overfull \hbox (101.5635pt too wide) in paragraph at lines 202--205
\OT1/cmr/m/n/12 where $\OML/cmm/m/it/12 ^^\[] \OT1/cmr/m/n/12 = 2\OML/cmm/m/it/12 ^^T[]r[]$ \OT1/cmr/m/n/12 is the frequency-dependent op-ti-cal depth, and $\OML/cmm/m/it/12 u\OT1/cmr/m/n/12 (\OML/cmm/m/it/12 ^^\[]\OT1/cmr/m/n/12 ) = [] []$.
 []


Underfull \vbox (badness 10000) has occurred while \output is active []



Package fancyhdr Warning: \headheight is too small (14.0pt): 
(fancyhdr)                Make it at least 14.49998pt, for example:
(fancyhdr)                \setlength{\headheight}{14.49998pt}.
(fancyhdr)                You might also make \topmargin smaller to compensate:
(fancyhdr)                \addtolength{\topmargin}{-0.49998pt}.

[30]
Underfull \vbox (badness 1057) has occurred while \output is active []



Package fancyhdr Warning: \headheight is too small (14.0pt): 
(fancyhdr)                Make it at least 14.49998pt, for example:
(fancyhdr)                \setlength{\headheight}{14.49998pt}.
(fancyhdr)                You might also make \topmargin smaller to compensate:
(fancyhdr)                \addtolength{\topmargin}{-0.49998pt}.

[31]
Underfull \vbox (badness 10000) has occurred while \output is active []



Package fancyhdr Warning: \headheight is too small (14.0pt): 
(fancyhdr)                Make it at least 14.49998pt, for example:
(fancyhdr)                \setlength{\headheight}{14.49998pt}.
(fancyhdr)                You might also make \topmargin smaller to compensate:
(fancyhdr)                \addtolength{\topmargin}{-0.49998pt}.

[32]
<C:/Users/henri/OneDrive/Documents/NTNU/Semester 10/Masteroppgave/Plots/Synchrotron_radiation.png, id=900, 722.7pt x 433.62pt>
File: C:/Users/henri/OneDrive/Documents/NTNU/Semester 10/Masteroppgave/Plots/Synchrotron_radiation.png Graphic file (type png)
<use C:/Users/henri/OneDrive/Documents/NTNU/Semester 10/Masteroppgave/Plots/Synchrotron_radiation.png>
Package pdftex.def Info: C:/Users/henri/OneDrive/Documents/NTNU/Semester 10/Masteroppgave/Plots/Synchrotron_radiation.png  used on input line 328.
(pdftex.def)             Requested size: 312.62466pt x 187.57115pt.

Underfull \vbox (badness 10000) has occurred while \output is active []



Package fancyhdr Warning: \headheight is too small (14.0pt): 
(fancyhdr)                Make it at least 14.49998pt, for example:
(fancyhdr)                \setlength{\headheight}{14.49998pt}.
(fancyhdr)                You might also make \topmargin smaller to compensate:
(fancyhdr)                \addtolength{\topmargin}{-0.49998pt}.

[33]
Overfull \hbox (45.61252pt too wide) detected at line 363
[][][]\OML/cmm/m/it/12 S[] \OT1/cmr/m/n/12 = 2\OML/cmm/m/it/12 ^^Y [][] I[]\OT1/cmr/m/n/12 (\OML/cmm/m/it/12 ^^R\OT1/cmr/m/n/12 ) [](\OML/cmm/m/it/12 ^^R\OT1/cmr/m/n/12 ) [](\OML/cmm/m/it/12 ^^R\OT1/cmr/m/n/12 ) = \OML/cmm/m/it/12 ^^Y [][]\OT1/cmr/m/n/12 ([])([])[]\OML/cmm/m/it/12 A^^W[] [][]\OT1/cmr/m/n/12 [1 \OMS/cmsy/m/n/12 ^^@ []\OT1/cmr/m/n/12 (\OMS/cmsy/m/n/12 ^^@\OML/cmm/m/it/12 ^^\\OT1/cmr/m/n/12 (0)[])]\OML/cmm/m/it/12 dx
 []


Underfull \vbox (badness 10000) has occurred while \output is active []



Package fancyhdr Warning: \headheight is too small (14.0pt): 
(fancyhdr)                Make it at least 14.49998pt, for example:
(fancyhdr)                \setlength{\headheight}{14.49998pt}.
(fancyhdr)                You might also make \topmargin smaller to compensate:
(fancyhdr)                \addtolength{\topmargin}{-0.49998pt}.

[34 <C:/Users/henri/OneDrive/Documents/NTNU/Semester 10/Masteroppgave/Plots/Synchrotron_radiation.png>]
<C:/Users/henri/OneDrive/Documents/NTNU/Semester 10/Masteroppgave/Plots/Radiative_transfer_SSA.pdf, id=923, 293.66313pt x 119.90096pt>
File: C:/Users/henri/OneDrive/Documents/NTNU/Semester 10/Masteroppgave/Plots/Radiative_transfer_SSA.pdf Graphic file (type pdf)
<use C:/Users/henri/OneDrive/Documents/NTNU/Semester 10/Masteroppgave/Plots/Radiative_transfer_SSA.pdf>
Package pdftex.def Info: C:/Users/henri/OneDrive/Documents/NTNU/Semester 10/Masteroppgave/Plots/Radiative_transfer_SSA.pdf  used on input line 391.
(pdftex.def)             Requested size: 291.78174pt x 119.13406pt.


Package fancyhdr Warning: \headheight is too small (14.0pt): 
(fancyhdr)                Make it at least 14.49998pt, for example:
(fancyhdr)                \setlength{\headheight}{14.49998pt}.
(fancyhdr)                You might also make \topmargin smaller to compensate:
(fancyhdr)                \addtolength{\topmargin}{-0.49998pt}.

[35]

Package fancyhdr Warning: \headheight is too small (14.0pt): 
(fancyhdr)                Make it at least 14.49998pt, for example:
(fancyhdr)                \setlength{\headheight}{14.49998pt}.
(fancyhdr)                You might also make \topmargin smaller to compensate:
(fancyhdr)                \addtolength{\topmargin}{-0.49998pt}.

[36 <C:/Users/henri/OneDrive/Documents/NTNU/Semester 10/Masteroppgave/Plots/Radiative_transfer_SSA.pdf>]
Underfull \vbox (badness 10000) has occurred while \output is active []



Package fancyhdr Warning: \headheight is too small (14.0pt): 
(fancyhdr)                Make it at least 14.49998pt, for example:
(fancyhdr)                \setlength{\headheight}{14.49998pt}.
(fancyhdr)                You might also make \topmargin smaller to compensate:
(fancyhdr)                \addtolength{\topmargin}{-0.49998pt}.

[37])

Package fancyhdr Warning: \headheight is too small (14.0pt): 
(fancyhdr)                Make it at least 14.49998pt, for example:
(fancyhdr)                \setlength{\headheight}{14.49998pt}.
(fancyhdr)                You might also make \topmargin smaller to compensate:
(fancyhdr)                \addtolength{\topmargin}{-0.49998pt}.

[38]
Chapter 6.
(Compact symmetric objects.tex [39

]
<C:/Users/henri/OneDrive/Documents/NTNU/Semester 10/Masteroppgave/Plots/J0741+2706.png, id=1024, 584.1825pt x 620.91975pt>
File: C:/Users/henri/OneDrive/Documents/NTNU/Semester 10/Masteroppgave/Plots/J0741+2706.png Graphic file (type png)
<use C:/Users/henri/OneDrive/Documents/NTNU/Semester 10/Masteroppgave/Plots/J0741+2706.png>
Package pdftex.def Info: C:/Users/henri/OneDrive/Documents/NTNU/Semester 10/Masteroppgave/Plots/J0741+2706.png  used on input line 23.
(pdftex.def)             Requested size: 208.41644pt x 221.52235pt.

Underfull \vbox (badness 10000) has occurred while \output is active []



Package fancyhdr Warning: \headheight is too small (14.0pt): 
(fancyhdr)                Make it at least 14.49998pt, for example:
(fancyhdr)                \setlength{\headheight}{14.49998pt}.
(fancyhdr)                You might also make \topmargin smaller to compensate:
(fancyhdr)                \addtolength{\topmargin}{-0.49998pt}.

[40 <C:/Users/henri/OneDrive/Documents/NTNU/Semester 10/Masteroppgave/Plots/J0741+2706.png>]
<C:/Users/henri/OneDrive/Documents/NTNU/Semester 10/Masteroppgave/Plots/CSO_morphology.png, id=1035, 897.95474pt x 748.59676pt>
File: C:/Users/henri/OneDrive/Documents/NTNU/Semester 10/Masteroppgave/Plots/CSO_morphology.png Graphic file (type png)
<use C:/Users/henri/OneDrive/Documents/NTNU/Semester 10/Masteroppgave/Plots/CSO_morphology.png>
Package pdftex.def Info: C:/Users/henri/OneDrive/Documents/NTNU/Semester 10/Masteroppgave/Plots/CSO_morphology.png  used on input line 58.
(pdftex.def)             Requested size: 250.10226pt x 208.49767pt.

Underfull \vbox (badness 2865) has occurred while \output is active []



Package fancyhdr Warning: \headheight is too small (14.0pt): 
(fancyhdr)                Make it at least 14.49998pt, for example:
(fancyhdr)                \setlength{\headheight}{14.49998pt}.
(fancyhdr)                You might also make \topmargin smaller to compensate:
(fancyhdr)                \addtolength{\topmargin}{-0.49998pt}.

[41 <C:/Users/henri/OneDrive/Documents/NTNU/Semester 10/Masteroppgave/Plots/CSO_morphology.png>]
Underfull \vbox (badness 1983) has occurred while \output is active []



Package fancyhdr Warning: \headheight is too small (14.0pt): 
(fancyhdr)                Make it at least 14.49998pt, for example:
(fancyhdr)                \setlength{\headheight}{14.49998pt}.
(fancyhdr)                You might also make \topmargin smaller to compensate:
(fancyhdr)                \addtolength{\topmargin}{-0.49998pt}.

[42]

Package fancyhdr Warning: \headheight is too small (14.0pt): 
(fancyhdr)                Make it at least 14.49998pt, for example:
(fancyhdr)                \setlength{\headheight}{14.49998pt}.
(fancyhdr)                You might also make \topmargin smaller to compensate:
(fancyhdr)                \addtolength{\topmargin}{-0.49998pt}.

[43]
<C:/Users/henri/OneDrive/Documents/NTNU/Semester 10/Masteroppgave/Plots/hist_z.png, id=1067, 722.7pt x 433.62pt>
File: C:/Users/henri/OneDrive/Documents/NTNU/Semester 10/Masteroppgave/Plots/hist_z.png Graphic file (type png)
<use C:/Users/henri/OneDrive/Documents/NTNU/Semester 10/Masteroppgave/Plots/hist_z.png>
Package pdftex.def Info: C:/Users/henri/OneDrive/Documents/NTNU/Semester 10/Masteroppgave/Plots/hist_z.png  used on input line 122.
(pdftex.def)             Requested size: 333.46758pt x 200.08295pt.
<C:/Users/henri/OneDrive/Documents/NTNU/Semester 10/Masteroppgave/Plots/Lin_size_vs_Luminosity.png, id=1069, 722.7pt x 433.62pt>
File: C:/Users/henri/OneDrive/Documents/NTNU/Semester 10/Masteroppgave/Plots/Lin_size_vs_Luminosity.png Graphic file (type png)
<use C:/Users/henri/OneDrive/Documents/NTNU/Semester 10/Masteroppgave/Plots/Lin_size_vs_Luminosity.png>
Package pdftex.def Info: C:/Users/henri/OneDrive/Documents/NTNU/Semester 10/Masteroppgave/Plots/Lin_size_vs_Luminosity.png  used on input line 137.
(pdftex.def)             Requested size: 375.14705pt x 225.0867pt.
<C:/Users/henri/OneDrive/Documents/NTNU/Semester 10/Masteroppgave/Plots/z_vs_Luminosity.png, id=1070, 722.7pt x 433.62pt>
File: C:/Users/henri/OneDrive/Documents/NTNU/Semester 10/Masteroppgave/Plots/z_vs_Luminosity.png Graphic file (type png)
<use C:/Users/henri/OneDrive/Documents/NTNU/Semester 10/Masteroppgave/Plots/z_vs_Luminosity.png>
Package pdftex.def Info: C:/Users/henri/OneDrive/Documents/NTNU/Semester 10/Masteroppgave/Plots/z_vs_Luminosity.png  used on input line 143.
(pdftex.def)             Requested size: 375.14705pt x 225.0867pt.


Package fancyhdr Warning: \headheight is too small (14.0pt): 
(fancyhdr)                Make it at least 14.49998pt, for example:
(fancyhdr)                \setlength{\headheight}{14.49998pt}.
(fancyhdr)                You might also make \topmargin smaller to compensate:
(fancyhdr)                \addtolength{\topmargin}{-0.49998pt}.

[44 <C:/Users/henri/OneDrive/Documents/NTNU/Semester 10/Masteroppgave/Plots/hist_z.png>]

Package fancyhdr Warning: \headheight is too small (14.0pt): 
(fancyhdr)                Make it at least 14.49998pt, for example:
(fancyhdr)                \setlength{\headheight}{14.49998pt}.
(fancyhdr)                You might also make \topmargin smaller to compensate:
(fancyhdr)                \addtolength{\topmargin}{-0.49998pt}.

[45 <C:/Users/henri/OneDrive/Documents/NTNU/Semester 10/Masteroppgave/Plots/Lin_size_vs_Luminosity.png> <C:/Users/henri/OneDrive/Documents/NTNU/Semester 10/Masteroppgave/Plots/z_vs_Luminosity.png>])

Package fancyhdr Warning: \headheight is too small (14.0pt): 
(fancyhdr)                Make it at least 14.49998pt, for example:
(fancyhdr)                \setlength{\headheight}{14.49998pt}.
(fancyhdr)                You might also make \topmargin smaller to compensate:
(fancyhdr)                \addtolength{\topmargin}{-0.49998pt}.

[46]
Chapter 7.
(CSO.tex [47

]
<C:/Users/henri/OneDrive/Documents/NTNU/Semester 10/Masteroppgave/Plots/Equipartion.png, id=1109, 722.7pt x 722.7pt>
File: C:/Users/henri/OneDrive/Documents/NTNU/Semester 10/Masteroppgave/Plots/Equipartion.png Graphic file (type png)
<use C:/Users/henri/OneDrive/Documents/NTNU/Semester 10/Masteroppgave/Plots/Equipartion.png>
Package pdftex.def Info: C:/Users/henri/OneDrive/Documents/NTNU/Semester 10/Masteroppgave/Plots/Equipartion.png  used on input line 48.
(pdftex.def)             Requested size: 204.2504pt x 204.25134pt.
<C:/Users/henri/OneDrive/Documents/NTNU/Semester 10/Masteroppgave/Plots/SSA.png, id=1110, 722.7pt x 722.7pt>
File: C:/Users/henri/OneDrive/Documents/NTNU/Semester 10/Masteroppgave/Plots/SSA.png Graphic file (type png)
<use C:/Users/henri/OneDrive/Documents/NTNU/Semester 10/Masteroppgave/Plots/SSA.png>
Package pdftex.def Info: C:/Users/henri/OneDrive/Documents/NTNU/Semester 10/Masteroppgave/Plots/SSA.png  used on input line 56.
(pdftex.def)             Requested size: 204.2504pt x 204.25134pt.


Package fancyhdr Warning: \headheight is too small (14.0pt): 
(fancyhdr)                Make it at least 14.49998pt, for example:
(fancyhdr)                \setlength{\headheight}{14.49998pt}.
(fancyhdr)                You might also make \topmargin smaller to compensate:
(fancyhdr)                \addtolength{\topmargin}{-0.49998pt}.

[48 <C:/Users/henri/OneDrive/Documents/NTNU/Semester 10/Masteroppgave/Plots/Equipartion.png> <C:/Users/henri/OneDrive/Documents/NTNU/Semester 10/Masteroppgave/Plots/SSA.png>]
<C:/Users/henri/OneDrive/Documents/NTNU/Semester 10/Masteroppgave/Plots/Equipartion_and_SSA.png, id=1123, 722.7pt x 433.62pt>
File: C:/Users/henri/OneDrive/Documents/NTNU/Semester 10/Masteroppgave/Plots/Equipartion_and_SSA.png Graphic file (type png)
<use C:/Users/henri/OneDrive/Documents/NTNU/Semester 10/Masteroppgave/Plots/Equipartion_and_SSA.png>
Package pdftex.def Info: C:/Users/henri/OneDrive/Documents/NTNU/Semester 10/Masteroppgave/Plots/Equipartion_and_SSA.png  used on input line 72.
(pdftex.def)             Requested size: 333.46758pt x 200.08295pt.

Underfull \vbox (badness 10000) has occurred while \output is active []



Package fancyhdr Warning: \headheight is too small (14.0pt): 
(fancyhdr)                Make it at least 14.49998pt, for example:
(fancyhdr)                \setlength{\headheight}{14.49998pt}.
(fancyhdr)                You might also make \topmargin smaller to compensate:
(fancyhdr)                \addtolength{\topmargin}{-0.49998pt}.

[49 <C:/Users/henri/OneDrive/Documents/NTNU/Semester 10/Masteroppgave/Plots/Equipartion_and_SSA.png>]
<C:/Users/henri/OneDrive/Documents/NTNU/Semester 10/Masteroppgave/Plots/Size_of_lobes.png, id=1136, 722.7pt x 433.62pt>
File: C:/Users/henri/OneDrive/Documents/NTNU/Semester 10/Masteroppgave/Plots/Size_of_lobes.png Graphic file (type png)
<use C:/Users/henri/OneDrive/Documents/NTNU/Semester 10/Masteroppgave/Plots/Size_of_lobes.png>
Package pdftex.def Info: C:/Users/henri/OneDrive/Documents/NTNU/Semester 10/Masteroppgave/Plots/Size_of_lobes.png  used on input line 91.
(pdftex.def)             Requested size: 333.46758pt x 200.08295pt.


Package fancyhdr Warning: \headheight is too small (14.0pt): 
(fancyhdr)                Make it at least 14.49998pt, for example:
(fancyhdr)                \setlength{\headheight}{14.49998pt}.
(fancyhdr)                You might also make \topmargin smaller to compensate:
(fancyhdr)                \addtolength{\topmargin}{-0.49998pt}.

[50 <C:/Users/henri/OneDrive/Documents/NTNU/Semester 10/Masteroppgave/Plots/Size_of_lobes.png>]
<C:/Users/henri/OneDrive/Documents/NTNU/Semester 10/Masteroppgave/Plots/hillas.png, id=1144, 578.16pt x 520.344pt>
File: C:/Users/henri/OneDrive/Documents/NTNU/Semester 10/Masteroppgave/Plots/hillas.png Graphic file (type png)
<use C:/Users/henri/OneDrive/Documents/NTNU/Semester 10/Masteroppgave/Plots/hillas.png>
Package pdftex.def Info: C:/Users/henri/OneDrive/Documents/NTNU/Semester 10/Masteroppgave/Plots/hillas.png  used on input line 112.
(pdftex.def)             Requested size: 333.46758pt x 300.11649pt.

Underfull \vbox (badness 1688) has occurred while \output is active []



Package fancyhdr Warning: \headheight is too small (14.0pt): 
(fancyhdr)                Make it at least 14.49998pt, for example:
(fancyhdr)                \setlength{\headheight}{14.49998pt}.
(fancyhdr)                You might also make \topmargin smaller to compensate:
(fancyhdr)                \addtolength{\topmargin}{-0.49998pt}.

[51]

Package fancyhdr Warning: \headheight is too small (14.0pt): 
(fancyhdr)                Make it at least 14.49998pt, for example:
(fancyhdr)                \setlength{\headheight}{14.49998pt}.
(fancyhdr)                You might also make \topmargin smaller to compensate:
(fancyhdr)                \addtolength{\topmargin}{-0.49998pt}.

[52 <C:/Users/henri/OneDrive/Documents/NTNU/Semester 10/Masteroppgave/Plots/hillas.png>
!pdfTeX error: pdflatex: fflush() failed (Invalid argument)
 ==> Fatal error occurred, no output PDF file produced!
