\BOOKMARK [1][-]{section.1}{\376\377\000I\000n\000t\000r\000o\000d\000u\000c\000t\000i\000o\000n}{}% 1
\BOOKMARK [1][-]{section.2}{\376\377\000T\000h\000e\000\040\000e\000v\000e\000r\000-\000e\000x\000p\000a\000n\000d\000i\000n\000g\000\040\000U\000n\000i\000v\000e\000r\000s\000e}{}% 2
\BOOKMARK [2][-]{subsection.2.1}{\376\377\000C\000o\000s\000m\000o\000l\000o\000g\000i\000c\000a\000l\000\040\000p\000a\000r\000a\000m\000e\000t\000e\000r\000s}{section.2}% 3
\BOOKMARK [2][-]{subsection.2.2}{\376\377\000S\000h\000a\000p\000e\000\040\000o\000f\000\040\000t\000h\000e\000\040\000U\000n\000i\000v\000e\000r\000s\000e}{section.2}% 4
\BOOKMARK [2][-]{subsection.2.3}{\376\377\000R\000e\000d\000s\000h\000i\000f\000t}{section.2}% 5
\BOOKMARK [2][-]{subsection.2.4}{\376\377\000C\000o\000m\000o\000v\000i\000n\000g\000\040\000d\000i\000s\000t\000a\000n\000c\000e}{section.2}% 6
\BOOKMARK [2][-]{subsection.2.5}{\376\377\000L\000u\000m\000i\000n\000o\000s\000i\000t\000y\000\040\000d\000i\000s\000t\000a\000n\000c\000e}{section.2}% 7
\BOOKMARK [1][-]{section.3}{\376\377\000H\000i\000g\000h\000\040\000E\000n\000e\000r\000g\000y\000\040\000P\000a\000r\000t\000i\000c\000l\000e\000s}{}% 8
\BOOKMARK [1][-]{section.4}{\376\377\000P\000r\000o\000b\000i\000n\000g\000\040\000e\000x\000t\000r\000a\000\040\000g\000a\000l\000a\000c\000t\000i\000c\000\040\000s\000o\000u\000r\000c\000e\000s}{}% 9
\BOOKMARK [2][-]{subsection.4.1}{\376\377\000D\000e\000n\000s\000i\000t\000y\000\040\000a\000n\000d\000\040\000a\000n\000i\000s\000o\000t\000r\000o\000p\000y}{section.4}% 10
\BOOKMARK [2][-]{subsection.4.2}{\376\377\000S\000E\000D\000\040\000b\000r\000o\000a\000d\000\040\000b\000a\000n\000d\000\040\000a\000n\000a\000l\000y\000s\000i\000s}{section.4}% 11
\BOOKMARK [3][-]{subsubsection.4.2.1}{\376\377\000X\000-\000r\000a\000y\000\040\000l\000u\000m\000i\000n\000o\000s\000i\000t\000y}{subsection.4.2}% 12
\BOOKMARK [3][-]{subsubsection.4.2.2}{\376\377\000R\000a\000d\000i\000o\000\040\000l\000u\000m\000i\000n\000o\000s\000i\000t\000y}{subsection.4.2}% 13
\BOOKMARK [3][-]{subsubsection.4.2.3}{\376\377\000P\000h\000o\000t\000o\000n\000\040\000f\000i\000e\000l\000d\000s\000\040\000a\000r\000o\000u\000n\000d\000\040\000A\000G\000N}{subsection.4.2}% 14
\BOOKMARK [2][-]{subsection.4.3}{\376\377\000M\000a\000g\000n\000e\000t\000i\000c\000\040\000f\000i\000e\000l\000d\000\040\000c\000o\000n\000s\000t\000r\000a\000i\000n\000t\000s}{section.4}% 15
\BOOKMARK [3][-]{subsubsection.4.3.1}{\376\377\000E\000q\000u\000i\000p\000a\000r\000t\000i\000t\000i\000o\000n}{subsection.4.3}% 16
\BOOKMARK [3][-]{subsubsection.4.3.2}{\376\377\000S\000e\000l\000f\000\040\000s\000y\000n\000c\000h\000r\000o\000t\000r\000o\000n\000\040\000a\000b\000s\000o\000r\000p\000t\000i\000o\000n}{subsection.4.3}% 17
\BOOKMARK [2][-]{subsection.4.4}{\376\377\000T\000i\000m\000e\000-\000s\000c\000a\000l\000e\000s\000\040\000a\000n\000a\000l\000y\000s\000i\000s}{section.4}% 18
\BOOKMARK [1][-]{section.5}{\376\377\000A\000c\000t\000i\000v\000e\000\040\000G\000a\000l\000a\000c\000t\000i\000c\000\040\000N\000u\000c\000l\000e\000i}{}% 19
\BOOKMARK [1][-]{section.6}{\376\377\000C\000o\000m\000p\000a\000c\000t\000\040\000s\000y\000m\000m\000e\000t\000r\000i\000c\000\040\000o\000b\000j\000e\000c\000t\000s}{}% 20
\BOOKMARK [2][-]{subsection.6.1}{\376\377\000S\000t\000r\000u\000c\000t\000u\000r\000e\000\040\000o\000f\000\040\000C\000S\000O\000s}{section.6}% 21
\BOOKMARK [2][-]{subsection.6.2}{\376\377\000T\000i\000m\000e\000s\000c\000a\000l\000e\000\040\000a\000n\000a\000l\000y\000s\000i\000s\000\040\000o\000f\000\040\000C\000S\000O\000s}{section.6}% 22
\BOOKMARK [3][-]{subsubsection.6.2.1}{\376\377\000p\000h\000o\000t\000o\000n\000\040\000f\000i\000e\000l\000d\000s}{subsection.6.2}% 23
\BOOKMARK [2][-]{subsection.6.3}{\376\377\000C\000l\000a\000s\000s\000i\000f\000i\000c\000a\000t\000i\000o\000n\000\040\000o\000f\000\040\000C\000S\000O}{section.6}% 24
\BOOKMARK [2][-]{subsection.6.4}{\376\377\000C\000a\000t\000a\000l\000o\000u\000g\000e\000\040\000o\000f\000\040\000B\000o\000n\000a\000\040\000f\000i\000d\000e\000\040\000C\000S\000O}{section.6}% 25
\BOOKMARK [2][-]{subsection.6.5}{\376\377\000P\000r\000e\000v\000a\000l\000e\000n\000c\000e\000\040\000o\000f\000\040\000C\000S\000O\000s}{section.6}% 26
\BOOKMARK [2][-]{subsection.6.6}{\376\377\000S\000t\000a\000b\000i\000l\000i\000t\000y\000\040\000i\000n\000\040\000j\000e\000t\000\040\000e\000x\000p\000a\000n\000s\000i\000o\000n\000\040\000a\000n\000d\000\040\000l\000o\000b\000e\000s\000.}{section.6}% 27
\BOOKMARK [1][-]{section.7}{\376\377\000C\000S\000O\000\040\000a\000s\000\040\000s\000o\000u\000r\000c\000e\000s\000\040\000o\000f\000\040\000U\000H\000E\000C\000R\000s\000\040\000a\000n\000d\000\040\000n\000e\000u\000t\000r\000i\000n\000o\000s}{}% 28
\BOOKMARK [1][-]{section.8}{\376\377\000D\000i\000s\000c\000u\000s\000s\000i\000o\000n}{}% 29
